<?xml version="1.0" encoding="UTF-8"?>
<!-- Generated by org.testng.reporters.JUnitXMLReporter -->
<testsuite ignored="5" hostname="Karim" failures="1" tests="1" name="Default test(failed)" time="3.668" errors="0" timestamp="2025-04-22T14:02:23 IST">
  <testcase classname="com.omrbranch.testng.Logtoken" name="deleteAddress" time="3.572">
    <failure type="java.lang.AssertionError" message="Status Verify Message expected [200] but found [401]">
      <![CDATA[java.lang.AssertionError: Status Verify Message expected [200] but found [401]
at com.omrbranch.testng.Logtoken.deleteAddress(Logtoken.java:221)
at java.base/java.util.ArrayList.forEach(ArrayList.java:1596)
... Removed 31 stack frames]]>
    </failure>
  </testcase> <!-- deleteAddress -->
  <testcase classname="com.omrbranch.testng.Logtoken" name="addAddress" time="0.0">
    <ignored/>
  </testcase> <!-- addAddress -->
  <testcase classname="com.omrbranch.testng.Logtoken" name="login" time="0.0">
    <ignored/>
  </testcase> <!-- login -->
  <testcase classname="com.omrbranch.testng.Logtoken" name="getState" time="0.0">
    <ignored/>
  </testcase> <!-- getState -->
  <testcase classname="com.omrbranch.testng.Logtoken" name="modfiyAddress" time="0.0">
    <ignored/>
  </testcase> <!-- modfiyAddress -->
  <testcase classname="com.omrbranch.testng.Logtoken" name="getCity" time="0.0">
    <ignored/>
  </testcase> <!-- getCity -->
</testsuite> <!-- Default test(failed) -->
