<?xml version="1.0" encoding="UTF-8"?>
<!-- Generated by org.testng.reporters.JUnitXMLReporter -->
<testsuite ignored="0" hostname="Karim" failures="0" tests="8" name="Surefire test" time="6.829" errors="0" timestamp="2025-04-25T21:12:26 IST">
  <testcase classname="com.omrbranch.testng.TestAPIWithBaseClass" name="postFlight" time="3.488"/>
  <testcase classname="com.omrbranch.testng.TestAPIWithBaseClass" name="login" time="0.544"/>
  <testcase classname="com.omrbranch.testng.TestNGAPI" name="postFlight" time="0.455"/>
  <testcase classname="com.omrbranch.testng.TestNGAPI" name="getFlight" time="0.423"/>
  <testcase classname="com.omrbranch.testng.TestNGAPI" name="putFlight" time="0.407"/>
  <testcase classname="com.omrbranch.testng.TestNGAPI" name="patchFlight" time="0.516"/>
  <testcase classname="com.omrbranch.testng.TestNGAPI" name="deleteFlight" time="0.425"/>
  <testcase classname="com.omrbranch.testng.TestNGAPI" name="listFlight" time="0.501"/>
</testsuite> <!-- Surefire test -->
