<?xml version="1.0" encoding="UTF-8"?>
<!-- Generated by org.testng.reporters.JUnitXMLReporter -->
<testsuite ignored="4" hostname="Karim" failures="0" tests="1" name="Default test" time="27.687" errors="0" timestamp="2025-05-01T13:29:01 IST">
  <testcase classname="com.omrbranch.testng.GroceryProjectWithAPIIntegration" name="placingOrderUsingWebUI" time="27.635"/>
  <testcase classname="com.omrbranch.testng.GroceryProjectWithAPIIntegration" name="getAllOrder" time="0.0">
    <ignored/>
  </testcase> <!-- getAllOrder -->
  <testcase classname="com.omrbranch.testng.GroceryProjectWithAPIIntegration" name="cancelOrder" time="0.0">
    <ignored/>
  </testcase> <!-- cancelOrder -->
  <testcase classname="com.omrbranch.testng.GroceryProjectWithAPIIntegration" name="clearCart" time="0.0">
    <ignored/>
  </testcase> <!-- clearCart -->
  <testcase classname="com.omrbranch.testng.GroceryProjectWithAPIIntegration" name="login" time="0.0">
    <ignored/>
  </testcase> <!-- login -->
</testsuite> <!-- Default test -->
