<?xml version="1.0" encoding="UTF-8"?>
<!-- Generated by org.testng.reporters.JUnitXMLReporter -->
<testsuite ignored="0" hostname="Karim" failures="0" tests="5" name="Default test" time="35.249" errors="0" timestamp="2025-05-01T12:58:43 IST">
  <testcase classname="com.omrbranch.testng.GroceryProjectWithAPIIntegration" name="placingOrderUsingWebUI" time="31.48"/>
  <testcase classname="com.omrbranch.testng.GroceryProjectWithAPIIntegration" name="login" time="2.228"/>
  <testcase classname="com.omrbranch.testng.GroceryProjectWithAPIIntegration" name="clearCart" time="0.502"/>
  <testcase classname="com.omrbranch.testng.GroceryProjectWithAPIIntegration" name="getAllOrder" time="0.45"/>
  <testcase classname="com.omrbranch.testng.GroceryProjectWithAPIIntegration" name="cancelOrder" time="0.533"/>
</testsuite> <!-- Default test -->
