<?xml version="1.0" encoding="UTF-8"?>
<!-- Generated by org.testng.reporters.JUnitXMLReporter -->
<testsuite ignored="0" hostname="Karim" failures="0" tests="5" name="Test" time="33.393" errors="0" timestamp="2025-05-01T12:34:00 IST">
  <testcase classname="com.omrbranch.testng.GroceryProjectWithAPIIntegration" name="placingOrderUsingWebUI" time="29.314"/>
  <testcase classname="com.omrbranch.testng.GroceryProjectWithAPIIntegration" name="login" time="2.633"/>
  <testcase classname="com.omrbranch.testng.GroceryProjectWithAPIIntegration" name="clearCart" time="0.422"/>
  <testcase classname="com.omrbranch.testng.GroceryProjectWithAPIIntegration" name="getAllOrder" time="0.424"/>
  <testcase classname="com.omrbranch.testng.GroceryProjectWithAPIIntegration" name="cancelOrder" time="0.551"/>
</testsuite> <!-- Test -->
