<?xml version="1.0" encoding="UTF-8"?>
<testsuite xmlns:xsi="http://www.w3.org/2001/XMLSchema-instance" xsi:noNamespaceSchemaLocation="https://maven.apache.org/surefire/maven-surefire-plugin/xsd/surefire-test-report-3.0.xsd" version="3.0" name="TestSuite" time="7.685" tests="8" errors="0" skipped="0" failures="0">
  <properties>
[...]
</properties>
  <testcase name="postFlight" classname="com.omrbranch.testng.TestAPIWithBaseClass" time="3.482">
    <system-out><![CDATA[201
{
    "message": "Flight Created Successfully",
    "data": {
        "id": 45634,
        "flightName": "Deutsch",
        "Country": "India",
        "Destinations": "87",
        "URL": "https://en.wikipedia.org/wiki/Air_India",
        "Created_date": "2025-04-25 21:12:22"
    }
}
Flight Created Successfully
45634
]]></system-out>
    <system-err><![CDATA[SLF4J(W): No SLF4J providers were found.
SLF4J(W): Defaulting to no-operation (NOP) logger implementation
SLF4J(W): See https://www.slf4j.org/codes.html#noProviders for further details.
]]></system-err>
  </testcase>
  <testcase name="login" classname="com.omrbranch.testng.TestAPIWithBaseClass" time="0.555">
    <system-out><![CDATA[200
{
    "status": 200,
    "message": "Login successfully",
    "data": {
        "id": 65,
        "user_code": "USROc6t8",
        "first_name": "Abdul Karim",
        "last_name": "Azad",
        "email": "abdulsensor@ymail.com",
        "mobile_number": "9976909234",
        "password": "$2y$10$gYxA3ZeAlhQHEhujTUDl3.83BfYuser/iDAOFVGrPNkDcTRnWge3.",
        "api_key": "WXYZ7243ijk54942",
        "days": 7,
        "month": "April",
        "year": "1991",
        "gender": "male",
        "hobbies": "cooking,photography",
        "forgot_key": "",
        "profile_picture": "",
        "login_cookie": "YWJkdWxzZW5zb3JAeW1haWwuY29t1744871077",
        "google_signin": 0,
        "google_auth_id": "",
        "facebook_signin": 0,
        "facebook_id": "",
        "referral_code": "HI4077MNO83",
        "wallet_amount": 0,
        "device_id": null,
        "device_token": null,
        "is_verified": 1,
        "admin_verify": 1,
        "admin_verified": 0,
        "flight_access": "no",
        "device_type": null,
        "status": "AC",
        "travel_access": "no",
        "grocery_front_access": "yes",
        "travel_with_api_access": "no",
        "sample_api_access": "yes",
        "database_access": "no",
        "admin_panel_access": "no",
        "mobile_app_access": "no",
        "created_at": "2025-03-08 09:33:19",
        "updated_at": "2025-04-21 14:31:38",
        "refer_screen": "Ask your friends to signup with your referral code. Once done, both you and your friend each earn $ 5",
        "logtoken": "eyJ0eXAiOiJKV1QiLCJhbGciOiJSUzI1NiIsImp0aSI6IjA3ZjU1NWNiMzU0NjQzNmM2OTM4OTY3YjNmYWNhMDliM2NjNmQyZjRiYjU4MDY2Yjg4NzFlMTJiYmJiMDE3NWQyNmMxNjJmNWIzMTgzMDk3In0.eyJhdWQiOiIzIiwianRpIjoiMDdmNTU1Y2IzNTQ2NDM2YzY5Mzg5NjdiM2ZhY2EwOWIzY2M2ZDJmNGJiNTgwNjZiODg3MWUxMmJiYmIwMTc1ZDI2YzE2MmY1YjMxODMwOTciLCJpYXQiOjE3NDU1OTU3NDMsIm5iZiI6MTc0NTU5NTc0MywiZXhwIjoxNzc3MTMxNzQzLCJzdWIiOiI2NSIsInNjb3BlcyI6W119.Zrq_M8vY_IZWvXeNj8CsPh-82Rzj0n2e5AtUIBFHOsd2F2QmHRE5BhwcMN2_q51NgVcU98mKUf2AJF1EQy3snlBrq7NzdGaHSNQqFcnCtpStZbJOsBq33r7oPCB_SThFuxvSN5_Ngbhy6VfZuEYwNgLQ61ivDNNEX4vMOKWa9JxJ0qVJXIGs_0dq9A3WZ1GnSU6vpCgjYOhw9osQvx3gMP23GjK2dC7FfRoJvhX45x5cJqJl8dQzvV2OEM_x-YwuFpeLgYsTsj3mqhjA4eDVaOfbFjfGK_8z_D2VzuFcqEK2y2OoVLu6zk5dz1YmVpu53dCvZhphkM6UPDRJdZsG0GXoZ80vLAMZ_8jX72kMJ3WvXMppT1E13hUx7r3-kyV3zjDhKUwMXBfItowlCBCHMWAu0pBxIXQO2HwSt-i5WpXOYV5nA236y9B8mdyrW6O4OwNoYJ-aad2m2ys9YFmv4id4-bm65FbQIX4Vu-5tSfpN-Xb6rAYMY_koT_hc2AumTcrJ_L2YJylvoD3fap1UQjMLKM1ViVG_9f2I_RgBDwxM8kVj7-TVHfqVwqm-fQWOXf2wFrwEibWqAF29JxPAf0eprYRfWb5Bcm9m7AH3nNQa8bMkzyy2CAjNMys4w8b75nNdG9IEgh_By6U0EycW-QfMq6n6RoOAOBc_k3f8kv0",
        "user_role": [
            {
                "id": 7,
                "role": "user",
                "name": "User",
                "status": "AC",
                "created_at": "2019-01-24 11:20:45",
                "updated_at": "2022-11-18 12:37:46",
                "pivot": {
                    "user_id": 65,
                    "role_id": 7
                }
            }
        ]
    },
    "refer_msg": "Register on GoGrocery with HI4077MNO83 and earn $ 5. Download on Android https://play.google.com/store/apps/details?id=com.Go_Grocery&hl=en & Download on iOS https://apps.apple.com/in/app/go-grocery-club/id1512758810",
    "cart_count": 0,
    "role": "user"
}
]]></system-out>
  </testcase>
  <testcase name="postFlight" classname="com.omrbranch.testng.TestNGAPI" time="0.455">
    <system-out><![CDATA[201
{"message":"Flight Created Successfully","data":{"id":45635,"flightName":"Karim","Country":"India","Destinations":"87","URL":"https:\/\/en.wikipedia.org\/wiki\/Air_India","Created_date":"2025-04-25 21:12:24"}}
{
    "message": "Flight Created Successfully",
    "data": {
        "id": 45635,
        "flightName": "Karim",
        "Country": "India",
        "Destinations": "87",
        "URL": "https://en.wikipedia.org/wiki/Air_India",
        "Created_date": "2025-04-25 21:12:24"
    }
}
Flight Created Successfully
45635
]]></system-out>
  </testcase>
  <testcase name="getFlight" classname="com.omrbranch.testng.TestNGAPI" time="0.423">
    <system-out><![CDATA[200
{"data":{"id":45635,"flightName":"Karim","Country":"India","Destinations":"87","URL":"https:\/\/en.wikipedia.org\/wiki\/Air_India","Created_Date":"2025-04-25 21:12:24","Updated_Date":"2025-04-25 21:12:24"},"support":{"url":"https:\/\/omrbranch.com","text":"For Joining Automation Course, Please Contact-Velmurugan 9944152058"}}
{
    "data": {
        "id": 45635,
        "flightName": "Karim",
        "Country": "India",
        "Destinations": "87",
        "URL": "https://en.wikipedia.org/wiki/Air_India",
        "Created_Date": "2025-04-25 21:12:24",
        "Updated_Date": "2025-04-25 21:12:24"
    },
    "support": {
        "url": "https://omrbranch.com",
        "text": "For Joining Automation Course, Please Contact-Velmurugan 9944152058"
    }
}
45635
]]></system-out>
  </testcase>
  <testcase name="putFlight" classname="com.omrbranch.testng.TestNGAPI" time="0.422">
    <system-out><![CDATA[200
{"message":"Flight Updated Successfully","data":{"id":45635,"flightName":"AirIndia","Country":"India","Destinations":"67","URL":"https:\/\/en.wikipedia.org\/wiki\/Air_India","Updated_date":"2025-04-25 21:12:24"}}
{
    "message": "Flight Updated Successfully",
    "data": {
        "id": 45635,
        "flightName": "AirIndia",
        "Country": "India",
        "Destinations": "67",
        "URL": "https://en.wikipedia.org/wiki/Air_India",
        "Updated_date": "2025-04-25 21:12:24"
    }
}
Flight Updated Successfully
]]></system-out>
  </testcase>
  <testcase name="patchFlight" classname="com.omrbranch.testng.TestNGAPI" time="0.506">
    <system-out><![CDATA[200
{"message":"Flight Updated Successfully","data":{"id":45635,"flightName":"AirIndia","Country":"India","Destinations":"97","URL":"https:\/\/en.wikipedia.org\/wiki\/Air_India","Updated_date":"2025-04-25 21:12:25"}}
{
    "message": "Flight Updated Successfully",
    "data": {
        "id": 45635,
        "flightName": "AirIndia",
        "Country": "India",
        "Destinations": "97",
        "URL": "https://en.wikipedia.org/wiki/Air_India",
        "Updated_date": "2025-04-25 21:12:25"
    }
}
Flight Updated Successfully
]]></system-out>
  </testcase>
  <testcase name="deleteFlight" classname="com.omrbranch.testng.TestNGAPI" time="0.419">
    <system-out><![CDATA[204


]]></system-out>
  </testcase>
  <testcase name="listFlight" classname="com.omrbranch.testng.TestNGAPI" time="0.51">
    <system-out><![CDATA[200
{"page":"1","per_page":6,"total":14199,"total_pages":2367,"data":[{"id":49,"flightName":"AirIndia","Country":"India","Destinations":"85","URL":"https:\/\/en.wikipedia.org\/wiki\/Air_India"},{"id":481,"flightName":"Lufthansa","Country":"India","Destinations":"87","URL":"https:\/\/en.wikipedia.org\/wiki\/Air_India"},{"id":516,"flightName":"AIR CANADA","Country":"India","Destinations":"19","URL":"https:\/\/en.wikipedia.org\/wiki\/Air_India"},{"id":548,"flightName":"AirIndia","Country":"India","Destinations":"87","URL":"https:\/\/en.wikipedia.org\/wiki\/Air_India"},{"id":557,"flightName":"AirIndia","Country":"India","Destinations":"87","URL":"https:\/\/en.wikipedia.org\/wiki\/Air_India"},{"id":561,"flightName":"AirIndia","Country":"India","Destinations":"87","URL":"https:\/\/en.wikipedia.org\/wiki\/Air_India"}],"support":{"url":"https:\/\/omrbranch.com","text":"For Joining Automation Course, Please Contact-Velmurugan 9944152058"}}
{
    "page": "1",
    "per_page": 6,
    "total": 14199,
    "total_pages": 2367,
    "data": [
        {
            "id": 49,
            "flightName": "AirIndia",
            "Country": "India",
            "Destinations": "85",
            "URL": "https://en.wikipedia.org/wiki/Air_India"
        },
        {
            "id": 481,
            "flightName": "Lufthansa",
            "Country": "India",
            "Destinations": "87",
            "URL": "https://en.wikipedia.org/wiki/Air_India"
        },
        {
            "id": 516,
            "flightName": "AIR CANADA",
            "Country": "India",
            "Destinations": "19",
            "URL": "https://en.wikipedia.org/wiki/Air_India"
        },
        {
            "id": 548,
            "flightName": "AirIndia",
            "Country": "India",
            "Destinations": "87",
            "URL": "https://en.wikipedia.org/wiki/Air_India"
        },
        {
            "id": 557,
            "flightName": "AirIndia",
            "Country": "India",
            "Destinations": "87",
            "URL": "https://en.wikipedia.org/wiki/Air_India"
        },
        {
            "id": 561,
            "flightName": "AirIndia",
            "Country": "India",
            "Destinations": "87",
            "URL": "https://en.wikipedia.org/wiki/Air_India"
        }
    ],
    "support": {
        "url": "https://omrbranch.com",
        "text": "For Joining Automation Course, Please Contact-Velmurugan 9944152058"
    }
}
1
]]></system-out>
  </testcase>
</testsuite>