<?xml version="1.0" encoding="UTF-8"?>
<testng-results ignored="0" total="8" passed="8" failed="0" skipped="0">
  <reporter-output>
  </reporter-output>
  <suite started-at="2025-04-25T21:12:19 IST" name="Surefire suite" finished-at="2025-04-25T21:12:26 IST" duration-ms="6829">
    <groups>
    </groups>
    <test started-at="2025-04-25T21:12:19 IST" name="Surefire test" finished-at="2025-04-25T21:12:26 IST" duration-ms="6829">
      <class name="com.omrbranch.testng.TestNGAPI">
        <test-method is-config="true" signature="beforeClass()[pri:0, instance:com.omrbranch.testng.TestNGAPI@3427b02d]" started-at="2025-04-25T21:12:23 IST" name="beforeClass" finished-at="2025-04-25T21:12:23 IST" duration-ms="4" status="PASS">
          <reporter-output>
          </reporter-output>
        </test-method> <!-- beforeClass -->
        <test-method signature="postFlight()[pri:1, instance:com.omrbranch.testng.TestNGAPI@3427b02d]" started-at="2025-04-25T21:12:23 IST" name="postFlight" finished-at="2025-04-25T21:12:24 IST" duration-ms="455" status="PASS">
          <reporter-output>
          </reporter-output>
        </test-method> <!-- postFlight -->
        <test-method signature="getFlight()[pri:2, instance:com.omrbranch.testng.TestNGAPI@3427b02d]" started-at="2025-04-25T21:12:24 IST" name="getFlight" finished-at="2025-04-25T21:12:24 IST" duration-ms="423" status="PASS">
          <reporter-output>
          </reporter-output>
        </test-method> <!-- getFlight -->
        <test-method signature="putFlight()[pri:3, instance:com.omrbranch.testng.TestNGAPI@3427b02d]" started-at="2025-04-25T21:12:24 IST" name="putFlight" finished-at="2025-04-25T21:12:24 IST" duration-ms="407" status="PASS">
          <reporter-output>
          </reporter-output>
        </test-method> <!-- putFlight -->
        <test-method signature="patchFlight()[pri:4, instance:com.omrbranch.testng.TestNGAPI@3427b02d]" started-at="2025-04-25T21:12:24 IST" name="patchFlight" finished-at="2025-04-25T21:12:25 IST" duration-ms="516" status="PASS">
          <reporter-output>
          </reporter-output>
        </test-method> <!-- patchFlight -->
        <test-method signature="deleteFlight()[pri:5, instance:com.omrbranch.testng.TestNGAPI@3427b02d]" started-at="2025-04-25T21:12:25 IST" name="deleteFlight" finished-at="2025-04-25T21:12:25 IST" duration-ms="425" status="PASS">
          <reporter-output>
          </reporter-output>
        </test-method> <!-- deleteFlight -->
        <test-method signature="listFlight()[pri:6, instance:com.omrbranch.testng.TestNGAPI@3427b02d]" started-at="2025-04-25T21:12:25 IST" name="listFlight" finished-at="2025-04-25T21:12:26 IST" duration-ms="501" status="PASS">
          <reporter-output>
          </reporter-output>
        </test-method> <!-- listFlight -->
      </class> <!-- com.omrbranch.testng.TestNGAPI -->
      <class name="com.omrbranch.testng.TestAPIWithBaseClass">
        <test-method is-config="true" signature="beforeClass()[pri:0, instance:com.omrbranch.testng.TestAPIWithBaseClass@1cbbffcd]" started-at="2025-04-25T21:12:19 IST" name="beforeClass" finished-at="2025-04-25T21:12:19 IST" duration-ms="19" status="PASS">
          <reporter-output>
          </reporter-output>
        </test-method> <!-- beforeClass -->
        <test-method signature="postFlight()[pri:1, instance:com.omrbranch.testng.TestAPIWithBaseClass@1cbbffcd]" started-at="2025-04-25T21:12:19 IST" name="postFlight" finished-at="2025-04-25T21:12:23 IST" duration-ms="3488" status="PASS">
          <reporter-output>
          </reporter-output>
        </test-method> <!-- postFlight -->
        <test-method signature="login()[pri:2, instance:com.omrbranch.testng.TestAPIWithBaseClass@1cbbffcd]" started-at="2025-04-25T21:12:23 IST" name="login" finished-at="2025-04-25T21:12:23 IST" duration-ms="544" status="PASS">
          <reporter-output>
          </reporter-output>
        </test-method> <!-- login -->
      </class> <!-- com.omrbranch.testng.TestAPIWithBaseClass -->
    </test> <!-- Surefire test -->
  </suite> <!-- Surefire suite -->
</testng-results>
