<?xml version="1.0" encoding="UTF-8"?>
<testng-results ignored="0" total="9" passed="9" failed="0" skipped="0">
  <reporter-output>
  </reporter-output>
  <suite started-at="2025-04-25T16:19:07 IST" name="Default suite" finished-at="2025-04-25T16:19:15 IST" duration-ms="8766">
    <groups>
    </groups>
    <test started-at="2025-04-25T16:19:07 IST" name="Default test" finished-at="2025-04-25T16:19:15 IST" duration-ms="8766">
      <class name="com.omrbranch.testng.APICategory">
        <test-method signature="login()[pri:1, instance:com.omrbranch.testng.APICategory@6025e1b6]" started-at="2025-04-25T16:19:07 IST" name="login" finished-at="2025-04-25T16:19:09 IST" duration-ms="2214" status="PASS">
          <reporter-output>
          </reporter-output>
        </test-method> <!-- login -->
        <test-method signature="getNestedCategory()[pri:2, instance:com.omrbranch.testng.APICategory@6025e1b6]" started-at="2025-04-25T16:19:09 IST" name="getNestedCategory" finished-at="2025-04-25T16:19:09 IST" duration-ms="378" status="PASS">
          <reporter-output>
          </reporter-output>
        </test-method> <!-- getNestedCategory -->
        <test-method signature="getProductList()[pri:3, instance:com.omrbranch.testng.APICategory@6025e1b6]" started-at="2025-04-25T16:19:09 IST" name="getProductList" finished-at="2025-04-25T16:19:10 IST" duration-ms="772" status="PASS">
          <reporter-output>
          </reporter-output>
        </test-method> <!-- getProductList -->
        <test-method signature="addToCart()[pri:4, instance:com.omrbranch.testng.APICategory@6025e1b6]" started-at="2025-04-25T16:19:10 IST" name="addToCart" finished-at="2025-04-25T16:19:10 IST" duration-ms="395" status="PASS">
          <reporter-output>
          </reporter-output>
        </test-method> <!-- addToCart -->
        <test-method signature="getCartItems()[pri:5, instance:com.omrbranch.testng.APICategory@6025e1b6]" started-at="2025-04-25T16:19:10 IST" name="getCartItems" finished-at="2025-04-25T16:19:11 IST" duration-ms="372" status="PASS">
          <reporter-output>
          </reporter-output>
        </test-method> <!-- getCartItems -->
        <test-method signature="addUserAddress()[pri:6, instance:com.omrbranch.testng.APICategory@6025e1b6]" started-at="2025-04-25T16:19:11 IST" name="addUserAddress" finished-at="2025-04-25T16:19:11 IST" duration-ms="375" status="PASS">
          <reporter-output>
          </reporter-output>
        </test-method> <!-- addUserAddress -->
        <test-method signature="setAddress()[pri:7, instance:com.omrbranch.testng.APICategory@6025e1b6]" started-at="2025-04-25T16:19:11 IST" name="setAddress" finished-at="2025-04-25T16:19:12 IST" duration-ms="422" status="PASS">
          <reporter-output>
          </reporter-output>
        </test-method> <!-- setAddress -->
        <test-method signature="createOrder()[pri:8, instance:com.omrbranch.testng.APICategory@6025e1b6]" started-at="2025-04-25T16:19:12 IST" name="createOrder" finished-at="2025-04-25T16:19:15 IST" duration-ms="3467" status="PASS">
          <reporter-output>
          </reporter-output>
        </test-method> <!-- createOrder -->
        <test-method signature="cancelOrder()[pri:9, instance:com.omrbranch.testng.APICategory@6025e1b6]" started-at="2025-04-25T16:19:15 IST" name="cancelOrder" finished-at="2025-04-25T16:19:15 IST" duration-ms="311" status="PASS">
          <reporter-output>
          </reporter-output>
        </test-method> <!-- cancelOrder -->
      </class> <!-- com.omrbranch.testng.APICategory -->
    </test> <!-- Default test -->
  </suite> <!-- Default suite -->
</testng-results>
